<?xml version="1.0" encoding="UTF-8"?>
<!-- Generated by org.testng.reporters.JUnitReportReporter -->
<testsuite hostname="shree-PC" name="com.restassured.testing.PutRequest" tests="1" failures="0" timestamp="16 Apr 2017 05:04:13 GMT" time="4.374" errors="0">
  <testcase name="testPost2" time="4.374" classname="com.restassured.testing.PutRequest"/>
</testsuite> <!-- com.restassured.testing.PutRequest -->
