<?xml version="1.0" encoding="UTF-8"?>
<!-- Generated by org.testng.reporters.JUnitReportReporter -->
<testsuite hostname="shree-PC" name="com.restassured.testing.MoreComplexPosts" tests="1" failures="0" timestamp="16 Apr 2017 07:03:01 GMT" time="1.664" errors="0">
  <testcase name="testMoreComplexPost" time="1.664" classname="com.restassured.testing.MoreComplexPosts"/>
</testsuite> <!-- com.restassured.testing.MoreComplexPosts -->
