<?xml version="1.0" encoding="UTF-8"?>
<!-- Generated by org.testng.reporters.JUnitReportReporter -->
<testsuite hostname="shree-PC" name="com.restassured.testing.DeleteResuest" tests="1" failures="0" timestamp="16 Apr 2017 05:32:43 GMT" time="1.176" errors="0">
  <testcase name="testDelete" time="1.176" classname="com.restassured.testing.DeleteResuest"/>
</testsuite> <!-- com.restassured.testing.DeleteResuest -->
