<?xml version="1.0" encoding="UTF-8"?>
<!-- Generated by org.testng.reporters.JUnitReportReporter -->
<testsuite hostname="shree-PC" name="apitesting.com.org.classes.ComplexPosts" tests="1" failures="0" timestamp="16 Apr 2017 06:34:21 GMT" time="4.646" errors="0">
  <testcase name="testComplexPost" time="4.646" classname="apitesting.com.org.classes.ComplexPosts"/>
</testsuite> <!-- apitesting.com.org.classes.ComplexPosts -->
