<?xml version="1.0" encoding="UTF-8"?>
<!-- Generated by org.testng.reporters.JUnitReportReporter -->
<testsuite hostname="shree-PC" name="com.restassured.testing.PostRequests" tests="1" failures="0" timestamp="15 Apr 2017 10:48:55 GMT" time="1.925" errors="0">
  <testcase name="testPost2" time="1.925" classname="com.restassured.testing.PostRequests"/>
</testsuite> <!-- com.restassured.testing.PostRequests -->
