<?xml version="1.0" encoding="UTF-8"?>
<!-- Generated by org.testng.reporters.JUnitReportReporter -->
<testsuite hostname="shree-PC" name="com.restassured.testing.PatchRequest" tests="1" failures="0" timestamp="16 Apr 2017 05:33:24 GMT" time="1.190" errors="0">
  <testcase name="testPatch2" time="1.190" classname="com.restassured.testing.PatchRequest"/>
</testsuite> <!-- com.restassured.testing.PatchRequest -->
