<?xml version="1.0" encoding="UTF-8"?>
<!-- Generated by org.testng.reporters.JUnitReportReporter -->
<testsuite hostname="shree-PC" name="com.restassured.testing.WeatherGetRequest" tests="8" failures="0" timestamp="15 Apr 2017 07:05:48 GMT" time="3.999" errors="0">
  <testcase name="simpleGETRequest" time="0.309" classname="com.restassured.testing.WeatherGetRequest"/>
  <testcase name="anotherGet" time="1.364" classname="com.restassured.testing.WeatherGetRequest"/>
  <testcase name="simpleGETRequestUsingParam" time="0.300" classname="com.restassured.testing.WeatherGetRequest"/>
  <testcase name="checkResponse" time="0.334" classname="com.restassured.testing.WeatherGetRequest"/>
  <testcase name="ohjustanotherGet" time="0.279" classname="com.restassured.testing.WeatherGetRequest"/>
  <testcase name="responseExtractionn" time="0.371" classname="com.restassured.testing.WeatherGetRequest"/>
  <testcase name="simpleGETRequest_Assertion" time="0.325" classname="com.restassured.testing.WeatherGetRequest"/>
  <testcase name="responseExtraction" time="0.717" classname="com.restassured.testing.WeatherGetRequest"/>
</testsuite> <!-- com.restassured.testing.WeatherGetRequest -->
